[0.006s] Invoking command in '/home/sora/Desktop/yihe/ws/build/cpp01_topic': AMENT_PREFIX_PATH=/home/sora/Desktop/yihe/ws/install/base_interfaces_demo:${AMENT_PREFIX_PATH} CMAKE_PREFIX_PATH=/home/sora/Desktop/yihe/ws/install/base_interfaces_demo:/opt/ros/humble LD_LIBRARY_PATH=/home/sora/Desktop/yihe/ws/install/base_interfaces_demo/lib:${LD_LIBRARY_PATH} PYTHONPATH=/home/sora/Desktop/yihe/ws/install/base_interfaces_demo/local/lib/python3.10/dist-packages:${PYTHONPATH} /usr/bin/cmake /home/sora/Desktop/yihe/ws/src/cpp01_topic -DCMAKE_INSTALL_PREFIX=/home/sora/Desktop/yihe/ws/install/cpp01_topic
[0.012s] -- Found ament_cmake: 1.3.9 (/opt/ros/humble/share/ament_cmake/cmake)
[0.079s] -- Override CMake install command with custom implementation using symlinks instead of copying resources
[0.083s] -- Found rclcpp: 16.0.9 (/opt/ros/humble/share/rclcpp/cmake)
[0.098s] -- Found rosidl_generator_c: 3.1.5 (/opt/ros/humble/share/rosidl_generator_c/cmake)
[0.100s] -- Found rosidl_adapter: 3.1.5 (/opt/ros/humble/share/rosidl_adapter/cmake)
[0.103s] -- Found rosidl_generator_cpp: 3.1.5 (/opt/ros/humble/share/rosidl_generator_cpp/cmake)
[0.109s] -- Using all available rosidl_typesupport_c: rosidl_typesupport_fastrtps_c;rosidl_typesupport_introspection_c
[0.117s] -- Using all available rosidl_typesupport_cpp: rosidl_typesupport_fastrtps_cpp;rosidl_typesupport_introspection_cpp
[0.146s] -- Found rmw_implementation_cmake: 6.1.2 (/opt/ros/humble/share/rmw_implementation_cmake/cmake)
[0.147s] -- Found rmw_fastrtps_cpp: 6.2.6 (/opt/ros/humble/share/rmw_fastrtps_cpp/cmake)
[0.208s] -- Using RMW implementation 'rmw_fastrtps_cpp' as default
[0.288s] -- Found base_interfaces_demo: 0.0.0 (/home/sora/Desktop/yihe/ws/install/base_interfaces_demo/share/base_interfaces_demo/cmake)
[0.297s] -- Found ament_lint_auto: 0.12.11 (/opt/ros/humble/share/ament_lint_auto/cmake)
[0.347s] -- Added test 'cppcheck' to perform static code analysis on C / C++ code
[0.347s] -- Configured cppcheck include dirs: $<BUILD_INTERFACE:/home/sora/Desktop/yihe/ws/src/cpp01_topic/include>
[0.347s] -- Configured cppcheck exclude dirs and/or files: 
[0.347s] -- Added test 'lint_cmake' to check CMake code style
[0.347s] -- Added test 'uncrustify' to check C / C++ code style
[0.347s] -- Configured uncrustify additional arguments: 
[0.347s] -- Added test 'xmllint' to check XML markup files
[0.348s] -- Configuring done
[0.358s] -- Generating done
[0.359s] -- Build files have been written to: /home/sora/Desktop/yihe/ws/build/cpp01_topic
[0.364s] Invoked command in '/home/sora/Desktop/yihe/ws/build/cpp01_topic' returned '0': AMENT_PREFIX_PATH=/home/sora/Desktop/yihe/ws/install/base_interfaces_demo:${AMENT_PREFIX_PATH} CMAKE_PREFIX_PATH=/home/sora/Desktop/yihe/ws/install/base_interfaces_demo:/opt/ros/humble LD_LIBRARY_PATH=/home/sora/Desktop/yihe/ws/install/base_interfaces_demo/lib:${LD_LIBRARY_PATH} PYTHONPATH=/home/sora/Desktop/yihe/ws/install/base_interfaces_demo/local/lib/python3.10/dist-packages:${PYTHONPATH} /usr/bin/cmake /home/sora/Desktop/yihe/ws/src/cpp01_topic -DCMAKE_INSTALL_PREFIX=/home/sora/Desktop/yihe/ws/install/cpp01_topic
[0.364s] Invoking command in '/home/sora/Desktop/yihe/ws/build/cpp01_topic': AMENT_PREFIX_PATH=/home/sora/Desktop/yihe/ws/install/base_interfaces_demo:${AMENT_PREFIX_PATH} CMAKE_PREFIX_PATH=/home/sora/Desktop/yihe/ws/install/base_interfaces_demo:/opt/ros/humble LD_LIBRARY_PATH=/home/sora/Desktop/yihe/ws/install/base_interfaces_demo/lib:${LD_LIBRARY_PATH} PYTHONPATH=/home/sora/Desktop/yihe/ws/install/base_interfaces_demo/local/lib/python3.10/dist-packages:${PYTHONPATH} /usr/bin/cmake --build /home/sora/Desktop/yihe/ws/build/cpp01_topic -- -j20 -l20
[0.384s] [35m[1mConsolidate compiler generated dependencies of target demo01_talker_str[0m
[0.384s] [35m[1mConsolidate compiler generated dependencies of target demo02_listener_str[0m
[0.389s] [ 12%] [32mBuilding CXX object CMakeFiles/demo03_talker_stu.dir/src/demo03_talker_stu.cpp.o[0m
[0.389s] [ 25%] [32mBuilding CXX object CMakeFiles/demo04_listener_stu.dir/src/demo04_listener_stu.cpp.o[0m
[0.397s] [ 50%] Built target demo01_talker_str
[0.397s] [ 75%] Built target demo02_listener_str
[1.492s] [01m[K/home/sora/Desktop/yihe/ws/src/cpp01_topic/src/demo04_listener_stu.cpp:[m[K In function â€˜[01m[Kint main(int, const char**)[m[Kâ€™:
[1.492s] [01m[K/home/sora/Desktop/yihe/ws/src/cpp01_topic/src/demo04_listener_stu.cpp:15:23:[m[K [01;31m[Kerror: [m[Kâ€˜[01m[Kmake_sharedd[m[Kâ€™ is not a member of â€˜[01m[Kstd[m[Kâ€™; did you mean â€˜[01m[Kmake_shared[m[Kâ€™?
[1.492s]    15 |     rclcpp::spin(std::[01;31m[Kmake_sharedd[m[K<ListenerStu>());
[1.492s]       |                       [01;31m[K^~~~~~~~~~~~[m[K
[1.492s]       |                       [32m[Kmake_shared[m[K
[1.492s] [01m[K/home/sora/Desktop/yihe/ws/src/cpp01_topic/src/demo04_listener_stu.cpp:15:47:[m[K [01;31m[Kerror: [m[Kexpected primary-expression before â€˜[01m[K>[m[Kâ€™ token
[1.492s]    15 |     rclcpp::spin(std::make_sharedd<ListenerStu[01;31m[K>[m[K());
[1.492s]       |                                               [01;31m[K^[m[K
[1.492s] [01m[K/home/sora/Desktop/yihe/ws/src/cpp01_topic/src/demo04_listener_stu.cpp:15:49:[m[K [01;31m[Kerror: [m[Kexpected primary-expression before â€˜[01m[K)[m[Kâ€™ token
[1.492s]    15 |     rclcpp::spin(std::make_sharedd<ListenerStu>([01;31m[K)[m[K);
[1.492s]       |                                                 [01;31m[K^[m[K
[1.496s] [01m[K/home/sora/Desktop/yihe/ws/src/cpp01_topic/src/demo03_talker_stu.cpp:[m[K In function â€˜[01m[Kint main(int, const char**)[m[Kâ€™:
[1.496s] [01m[K/home/sora/Desktop/yihe/ws/src/cpp01_topic/src/demo03_talker_stu.cpp:15:23:[m[K [01;31m[Kerror: [m[Kâ€˜[01m[Kmake_sharedd[m[Kâ€™ is not a member of â€˜[01m[Kstd[m[Kâ€™; did you mean â€˜[01m[Kmake_shared[m[Kâ€™?
[1.496s]    15 |     rclcpp::spin(std::[01;31m[Kmake_sharedd[m[K<TalkerStu>());
[1.496s]       |                       [01;31m[K^~~~~~~~~~~~[m[K
[1.496s]       |                       [32m[Kmake_shared[m[K
[1.496s] [01m[K/home/sora/Desktop/yihe/ws/src/cpp01_topic/src/demo03_talker_stu.cpp:15:45:[m[K [01;31m[Kerror: [m[Kexpected primary-expression before â€˜[01m[K>[m[Kâ€™ token
[1.496s]    15 |     rclcpp::spin(std::make_sharedd<TalkerStu[01;31m[K>[m[K());
[1.496s]       |                                             [01;31m[K^[m[K
[1.496s] [01m[K/home/sora/Desktop/yihe/ws/src/cpp01_topic/src/demo03_talker_stu.cpp:15:47:[m[K [01;31m[Kerror: [m[Kexpected primary-expression before â€˜[01m[K)[m[Kâ€™ token
[1.496s]    15 |     rclcpp::spin(std::make_sharedd<TalkerStu>([01;31m[K)[m[K);
[1.496s]       |                                               [01;31m[K^[m[K
[1.704s] gmake[2]: *** [CMakeFiles/demo04_listener_stu.dir/build.make:76: CMakeFiles/demo04_listener_stu.dir/src/demo04_listener_stu.cpp.o] Error 1
[1.704s] gmake[1]: *** [CMakeFiles/Makefile2:221: CMakeFiles/demo04_listener_stu.dir/all] Error 2
[1.704s] gmake[1]: *** Waiting for unfinished jobs....
[1.709s] gmake[2]: *** [CMakeFiles/demo03_talker_stu.dir/build.make:76: CMakeFiles/demo03_talker_stu.dir/src/demo03_talker_stu.cpp.o] Error 1
[1.709s] gmake[1]: *** [CMakeFiles/Makefile2:195: CMakeFiles/demo03_talker_stu.dir/all] Error 2
[1.709s] gmake: *** [Makefile:146: all] Error 2
[1.711s] Invoked command in '/home/sora/Desktop/yihe/ws/build/cpp01_topic' returned '2': AMENT_PREFIX_PATH=/home/sora/Desktop/yihe/ws/install/base_interfaces_demo:${AMENT_PREFIX_PATH} CMAKE_PREFIX_PATH=/home/sora/Desktop/yihe/ws/install/base_interfaces_demo:/opt/ros/humble LD_LIBRARY_PATH=/home/sora/Desktop/yihe/ws/install/base_interfaces_demo/lib:${LD_LIBRARY_PATH} PYTHONPATH=/home/sora/Desktop/yihe/ws/install/base_interfaces_demo/local/lib/python3.10/dist-packages:${PYTHONPATH} /usr/bin/cmake --build /home/sora/Desktop/yihe/ws/build/cpp01_topic -- -j20 -l20
