[0.004s] Invoking command in '/home/sora/Desktop/yihe/ws/src/build/cpp01_topic': AMENT_PREFIX_PATH=/home/sora/Desktop/yihe/ws/src/install/base_interfaces_demo:${AMENT_PREFIX_PATH} CMAKE_PREFIX_PATH=/home/sora/Desktop/yihe/ws/src/install/base_interfaces_demo:/opt/ros/humble /usr/bin/cmake /home/sora/Desktop/yihe/ws/src/cpp01_topic -DCMAKE_INSTALL_PREFIX=/home/sora/Desktop/yihe/ws/src/install/cpp01_topic
[0.033s] -- The C compiler identification is GNU 11.4.0
[0.065s] -- The CXX compiler identification is GNU 11.4.0
[0.069s] -- Detecting C compiler ABI info
[0.108s] -- Detecting C compiler ABI info - done
[0.112s] -- Check for working C compiler: /usr/bin/cc - skipped
[0.112s] -- Detecting C compile features
[0.113s] -- Detecting C compile features - done
[0.114s] -- Detecting CXX compiler ABI info
[0.160s] -- Detecting CXX compiler ABI info - done
[0.164s] -- Check for working CXX compiler: /usr/bin/c++ - skipped
[0.164s] -- Detecting CXX compile features
[0.164s] -- Detecting CXX compile features - done
[0.165s] -- Found ament_cmake: 1.3.9 (/opt/ros/humble/share/ament_cmake/cmake)
[0.256s] -- Found Python3: /usr/bin/python3 (found version "3.10.12") found components: Interpreter 
[0.308s] -- Found rclcpp: 16.0.9 (/opt/ros/humble/share/rclcpp/cmake)
[0.340s] -- Found rosidl_generator_c: 3.1.5 (/opt/ros/humble/share/rosidl_generator_c/cmake)
[0.343s] -- Found rosidl_adapter: 3.1.5 (/opt/ros/humble/share/rosidl_adapter/cmake)
[0.349s] -- Found rosidl_generator_cpp: 3.1.5 (/opt/ros/humble/share/rosidl_generator_cpp/cmake)
[0.359s] -- Using all available rosidl_typesupport_c: rosidl_typesupport_fastrtps_c;rosidl_typesupport_introspection_c
[0.373s] -- Using all available rosidl_typesupport_cpp: rosidl_typesupport_fastrtps_cpp;rosidl_typesupport_introspection_cpp
[0.418s] -- Found rmw_implementation_cmake: 6.1.2 (/opt/ros/humble/share/rmw_implementation_cmake/cmake)
[0.420s] -- Found rmw_fastrtps_cpp: 6.2.6 (/opt/ros/humble/share/rmw_fastrtps_cpp/cmake)
[0.474s] -- Found OpenSSL: /usr/lib/x86_64-linux-gnu/libcrypto.so (found version "3.0.2")  
[0.491s] -- Found FastRTPS: /opt/ros/humble/include  
[0.517s] -- Using RMW implementation 'rmw_fastrtps_cpp' as default
[0.523s] -- Looking for pthread.h
[0.563s] -- Looking for pthread.h - found
[0.563s] -- Performing Test CMAKE_HAVE_LIBC_PTHREAD
[0.604s] -- Performing Test CMAKE_HAVE_LIBC_PTHREAD - Success
[0.605s] -- Found Threads: TRUE  
[0.698s] -- Found base_interfaces_demo: 0.0.0 (/home/sora/Desktop/yihe/ws/src/install/base_interfaces_demo/share/base_interfaces_demo/cmake)
[0.699s] -- Found ament_lint_auto: 0.12.11 (/opt/ros/humble/share/ament_lint_auto/cmake)
[0.755s] -- Added test 'cppcheck' to perform static code analysis on C / C++ code
[0.755s] -- Configured cppcheck include dirs: $<BUILD_INTERFACE:/home/sora/Desktop/yihe/ws/src/cpp01_topic/include>
[0.755s] -- Configured cppcheck exclude dirs and/or files: 
[0.755s] -- Added test 'lint_cmake' to check CMake code style
[0.756s] -- Added test 'uncrustify' to check C / C++ code style
[0.756s] -- Configured uncrustify additional arguments: 
[0.756s] -- Added test 'xmllint' to check XML markup files
[0.756s] -- Configuring done
[0.761s] -- Generating done
[0.762s] -- Build files have been written to: /home/sora/Desktop/yihe/ws/src/build/cpp01_topic
[0.767s] Invoked command in '/home/sora/Desktop/yihe/ws/src/build/cpp01_topic' returned '0': AMENT_PREFIX_PATH=/home/sora/Desktop/yihe/ws/src/install/base_interfaces_demo:${AMENT_PREFIX_PATH} CMAKE_PREFIX_PATH=/home/sora/Desktop/yihe/ws/src/install/base_interfaces_demo:/opt/ros/humble /usr/bin/cmake /home/sora/Desktop/yihe/ws/src/cpp01_topic -DCMAKE_INSTALL_PREFIX=/home/sora/Desktop/yihe/ws/src/install/cpp01_topic
[0.768s] Invoking command in '/home/sora/Desktop/yihe/ws/src/build/cpp01_topic': AMENT_PREFIX_PATH=/home/sora/Desktop/yihe/ws/src/install/base_interfaces_demo:${AMENT_PREFIX_PATH} CMAKE_PREFIX_PATH=/home/sora/Desktop/yihe/ws/src/install/base_interfaces_demo:/opt/ros/humble /usr/bin/cmake --build /home/sora/Desktop/yihe/ws/src/build/cpp01_topic -- -j20 -l20
[0.797s] [ 50%] [32mBuilding CXX object CMakeFiles/demo01_talker_str.dir/src/demo01_talker_str.cpp.o[0m
[0.801s] [01m[K/home/sora/Desktop/yihe/ws/src/cpp01_topic/src/demo01_talker_str.cpp:1:10:[m[K [01;31m[Kfatal error: [m[Krclcpp.rclcpp.hpp: No such file or directory
[0.801s]     1 | #include [01;31m[K"rclcpp.rclcpp.hpp"[m[K
[0.801s]       |          [01;31m[K^~~~~~~~~~~~~~~~~~~[m[K
[0.801s] compilation terminated.
[0.801s] gmake[2]: *** [CMakeFiles/demo01_talker_str.dir/build.make:76: CMakeFiles/demo01_talker_str.dir/src/demo01_talker_str.cpp.o] Error 1
[0.802s] gmake[1]: *** [CMakeFiles/Makefile2:137: CMakeFiles/demo01_talker_str.dir/all] Error 2
[0.802s] gmake: *** [Makefile:146: all] Error 2
[0.804s] Invoked command in '/home/sora/Desktop/yihe/ws/src/build/cpp01_topic' returned '2': AMENT_PREFIX_PATH=/home/sora/Desktop/yihe/ws/src/install/base_interfaces_demo:${AMENT_PREFIX_PATH} CMAKE_PREFIX_PATH=/home/sora/Desktop/yihe/ws/src/install/base_interfaces_demo:/opt/ros/humble /usr/bin/cmake --build /home/sora/Desktop/yihe/ws/src/build/cpp01_topic -- -j20 -l20
